{"C:\\Users\\Goran\\Downloads\\task1\\article-reader\\src\\common\\pages\\post.page.tsx": {"path":"C:\\Users\\Goran\\Downloads\\task1\\article-reader\\src\\common\\pages\\post.page.tsx","statementMap":{"0":{"start":{"line":1,"column":0},"end":{"line":1,"column":47}},"1":{"start":{"line":3,"column":0},"end":{"line":3,"column":39}},"2":{"start":{"line":5,"column":24},"end":{"line":32,"column":1}},"3":{"start":{"line":6,"column":4},"end":{"line":6,"column":53}},"4":{"start":{"line":7,"column":21},"end":{"line":7,"column":34}},"5":{"start":{"line":8,"column":4},"end":{"line":31,"column":null}},"6":{"start":{"line":9,"column":8},"end":{"line":9,"column":41}},"7":{"start":{"line":12,"column":21},"end":{"line":12,"column":65}},"8":{"start":{"line":13,"column":60},"end":{"line":13,"column":64}},"9":{"start":{"line":14,"column":8},"end":{"line":30,"column":10}},"10":{"start":{"line":25,"column":28},"end":{"line":25,"column":50}},"11":{"start":{"line":5,"column":13},"end":{"line":5,"column":24}}},"fnMap":{"0":{"name":"(anonymous_0)","decl":{"start":{"line":5,"column":24},"end":{"line":5,"column":25}},"loc":{"start":{"line":5,"column":59},"end":{"line":32,"column":1}}},"1":{"name":"(anonymous_1)","decl":{"start":{"line":24,"column":38},"end":{"line":24,"column":39}},"loc":{"start":{"line":25,"column":28},"end":{"line":25,"column":50}}}},"branchMap":{"0":{"loc":{"start":{"line":8,"column":4},"end":{"line":31,"column":null}},"type":"if","locations":[{"start":{"line":8,"column":4},"end":{"line":31,"column":null}},{"start":{"line":11,"column":9},"end":{"line":31,"column":null}}]}},"s":{"0":1,"1":1,"2":1,"3":0,"4":0,"5":0,"6":0,"7":0,"8":0,"9":0,"10":0,"11":1},"f":{"0":0,"1":0},"b":{"0":[0,0]}}
,"C:\\Users\\Goran\\Downloads\\task1\\article-reader\\src\\common\\pages\\posts.page\\posts.styles.scss": {"path":"C:\\Users\\Goran\\Downloads\\task1\\article-reader\\src\\common\\pages\\posts.page\\posts.styles.scss","statementMap":{"0":{"start":{"line":1,"column":0},"end":{"line":1,"column":19}}},"fnMap":{},"branchMap":{},"s":{"0":1},"f":{},"b":{},"_coverageSchema":"1a1c01bbd47fc00a2c39e90264f33305004495a9","hash":"f7ce1675031cfd8a5a3d9f39921784f642dbc3ea"}
}
